<?xml version="1.0" encoding="UTF-8"?>
<Site BuildName="(empty)"
	BuildStamp="20251001-0649-Experimental"
	Name="(empty)"
	Generator="ctest-3.31.6-msvc6"
	CompilerName=""
	CompilerVersion=""
	OSName="Windows"
	Hostname="Cock"
	OSRelease=" Personal"
	OSVersion=" (Build 26100)"
	OSPlatform="x86"
	Is64Bits="1"
	VendorString="GenuineIntel"
	VendorID="Intel Corporation"
	FamilyID="6"
	ModelID="7"
	ModelName=""
	ProcessorCacheSize="-1"
	NumberOfLogicalCPU="20"
	NumberOfPhysicalCPU="12"
	TotalVirtualMemory="42749"
	TotalPhysicalMemory="32509"
	LogicalProcessorsPerPhysical="1"
	ProcessorClockFrequency="3609"
	>
	<Testing>
		<StartDateTime>Oct 01 16:19 Pacific Daylight Time</StartDateTime>
		<StartTestTime>1759360741</StartTestTime>
		<TestList/>
		<EndDateTime>Oct 01 16:19 Pacific Daylight Time</EndDateTime>
		<EndTestTime>1759360741</EndTestTime>
		<ElapsedMinutes>0</ElapsedMinutes>
	</Testing>
</Site>
